2024 Activity at 2024-01-03T14:31:59: Add support for transformer-based models in inference
2024 Activity at 2024-01-03T13:34:25: Fix potential race condition in the data pipeline
2024 Activity at 2024-01-03T14:00:26: Clean up unused variables and deprecated functions
2024 Activity at 2024-01-03T16:10:38: Initial prototype for feature extraction in real-time
2024 Activity at 2024-01-03T15:35:44: Improve documentation for REST API endpoints
2024 Activity at 2024-01-03T13:18:32: Initial prototype for feature extraction in real-time
2024 Activity at 2024-01-04T12:36:20: Optimize neural network architecture for better performance
2024 Activity at 2024-01-04T10:03:54: Add support for multi-GPU training via DDP
2024 Activity at 2024-01-04T15:37:46: Enhance logging for debugging production-level issues
2024 Activity at 2024-01-04T14:36:15: Merge feature branch into main for the next release
2024 Activity at 2024-01-04T19:06:43: Address code review feedback from the senior team
2024 Activity at 2024-01-04T17:16:15: Implement early stopping logic in the training loop
2024 Activity at 2024-01-04T17:04:23: Refactor data loading pipeline for higher throughput
2024 Activity at 2024-01-04T14:50:33: Sync with upstream repository changes and updates
2024 Activity at 2024-01-05T09:53:22: Update README with latest performance benchmarks
2024 Activity at 2024-01-05T11:18:30: Initial prototype for feature extraction in real-time
2024 Activity at 2024-01-05T13:00:52: Fix potential race condition in the data pipeline
2024 Activity at 2024-01-05T11:37:50: Improve documentation for REST API endpoints
2024 Activity at 2024-01-05T15:28:12: Refactor data loading pipeline for higher throughput
2024 Activity at 2024-01-05T15:07:50: Add support for multi-GPU training via DDP
2024 Activity at 2024-01-05T17:04:07: Update dependencies to latest stable versions (2024)
2024 Activity at 2024-01-05T15:09:38: Update README with latest performance benchmarks
2024 Activity at 2024-01-05T09:59:27: Refactor data loading pipeline for higher throughput
2024 Activity at 2024-01-05T09:59:18: Add comprehensive unit tests for core ML modules
2024 Activity at 2024-01-09T09:56:40: Add comprehensive unit tests for core ML modules
2024 Activity at 2024-01-09T18:36:48: Refactor data loading pipeline for higher throughput
2024 Activity at 2024-01-09T12:06:04: Sync with upstream repository changes and updates
2024 Activity at 2024-01-09T15:04:04: Update README with latest performance benchmarks
2024 Activity at 2024-01-09T12:25:31: Improve model serialization and loading efficiency
2024 Activity at 2024-01-10T10:51:26: Initial prototype for feature extraction in real-time
2024 Activity at 2024-01-10T12:01:21: Optimize GPU memory allocation for large models
2024 Activity at 2024-01-10T13:44:16: Merge feature branch into main for the next release
2024 Activity at 2024-01-10T12:30:25: Sync with upstream repository changes and updates
2024 Activity at 2024-01-12T19:41:51: Initial prototype for feature extraction in real-time
2024 Activity at 2024-01-12T09:27:43: Address code review feedback from the senior team
