2025 Activity at 2025-01-06T11:23:10: Optimize neural network performance for production workloads
2025 Activity at 2025-01-06T15:35:20: Add support for multimodal models in inference engine
2025 Activity at 2025-01-06T18:36:15: Enhance real-time monitoring for model drift
2025 Activity at 2025-01-07T16:46:08: Implement adaptive learning rate scheduling
2025 Activity at 2025-01-08T15:51:22: Update README with 2025 performance benchmarks
2025 Activity at 2025-01-08T15:33:49: Merge stable feature branch into main
2025 Activity at 2025-01-08T17:45:34: Add support for distributed training across clusters
2025 Activity at 2025-01-08T11:43:09: Fix bug in backpropagation for custom layers
2025 Activity at 2025-01-08T15:26:23: Add comprehensive integration tests for core modules
2025 Activity at 2025-01-08T17:57:32: Implement adaptive learning rate scheduling
2025 Activity at 2025-01-08T14:32:06: Optimize memory management for large-scale inference
2025 Activity at 2025-01-14T09:10:52: Address feedback from technical design review
2025 Activity at 2025-01-14T18:50:00: Add support for multimodal models in inference engine
2025 Activity at 2025-01-14T14:12:02: Sync with latest upstream repository updates
2025 Activity at 2025-01-14T19:29:55: Refactor data preprocessing for distributed training
2025 Activity at 2025-01-14T14:56:37: Optimize neural network performance for production workloads
2025 Activity at 2025-01-14T17:23:44: Initial prototype for agentic workflow integration
2025 Activity at 2025-01-14T19:50:24: Refactor data preprocessing for distributed training
2025 Activity at 2025-01-14T17:44:19: Add support for distributed training across clusters
2025 Activity at 2025-01-15T09:29:21: Fix bug in backpropagation for custom layers
2025 Activity at 2025-01-15T18:01:43: Add comprehensive integration tests for core modules
2025 Activity at 2025-01-15T12:56:46: Update documentation for new LLMOps features
2025 Activity at 2025-01-15T15:58:24: Merge stable feature branch into main
