2023 Activity at 2023-01-02T15:51:18: Update dependencies to latest stable versions
2023 Activity at 2023-01-02T11:34:35: Improve model serialization and loading
2023 Activity at 2023-01-02T19:51:30: Add support for multi-GPU training
2023 Activity at 2023-01-02T09:44:02: Sync with upstream repository changes
2023 Activity at 2023-01-02T11:22:40: Enhance logging for debugging production issues
2023 Activity at 2023-01-02T16:25:42: Update README with new performance metrics
2023 Activity at 2023-01-02T19:19:31: Update dependencies to latest stable versions
2023 Activity at 2023-01-02T14:33:49: Update README with new performance metrics
2023 Activity at 2023-01-02T14:22:56: Add support for transformer-based models
2023 Activity at 2023-01-02T11:50:48: Improve model serialization and loading
2023 Activity at 2023-01-03T11:22:10: Optimize GPU memory allocation
2023 Activity at 2023-01-05T13:53:58: Update dependencies to latest stable versions
2023 Activity at 2023-01-05T18:51:27: Improve documentation for API endpoints
2023 Activity at 2023-01-05T14:39:52: Sync with upstream repository changes
2023 Activity at 2023-01-06T10:20:34: Improve model serialization and loading
2023 Activity at 2023-01-09T15:43:33: Fix bug in loss function calculation
2023 Activity at 2023-01-09T13:11:48: Implement early stopping in training loop
2023 Activity at 2023-01-09T13:42:14: Update README with new performance metrics
2023 Activity at 2023-01-09T11:21:56: Enhance logging for debugging production issues
2023 Activity at 2023-01-09T12:54:32: Sync with upstream repository changes
2023 Activity at 2023-01-09T13:19:00: Fix bug in loss function calculation
2023 Activity at 2023-01-09T16:01:02: Optimize GPU memory allocation
2023 Activity at 2023-01-09T13:21:51: Fix race condition in data pipeline
2023 Activity at 2023-01-10T18:30:43: Fix bug in loss function calculation
2023 Activity at 2023-01-10T18:56:41: Add unit tests for core modules
2023 Activity at 2023-01-10T09:38:33: Enhance logging for debugging production issues
2023 Activity at 2023-01-10T11:35:35: Sync with upstream repository changes
2023 Activity at 2023-01-10T14:28:09: Merge feature branch into main
2023 Activity at 2023-01-10T12:30:51: Sync with upstream repository changes
2023 Activity at 2023-01-10T15:22:46: Enhance logging for debugging production issues
2023 Activity at 2023-01-10T17:52:46: Enhance logging for debugging production issues
2023 Activity at 2023-01-10T19:24:33: Clean up unused variables and functions
2023 Activity at 2023-01-10T19:39:15: Benchmark inference latency across devices
2023 Activity at 2023-01-10T17:05:04: Sync with upstream repository changes
2023 Activity at 2023-01-10T16:07:06: Sync with upstream repository changes
2023 Activity at 2023-01-11T13:50:44: Fix race condition in data pipeline
2023 Activity at 2023-01-11T14:31:17: Fix bug in loss function calculation
2023 Activity at 2023-01-11T19:24:04: Update README with new performance metrics
2023 Activity at 2023-01-11T11:12:47: Add support for transformer-based models
2023 Activity at 2023-01-11T15:06:58: Merge feature branch into main
2023 Activity at 2023-01-11T10:00:10: Initial prototype for feature extraction
2023 Activity at 2023-01-11T15:03:47: Improve documentation for API endpoints
2023 Activity at 2023-01-12T11:11:28: Improve documentation for API endpoints
2023 Activity at 2023-01-12T16:52:25: Benchmark inference latency across devices
2023 Activity at 2023-01-12T18:38:48: Benchmark inference latency across devices
2023 Activity at 2023-01-12T11:56:15: Sync with upstream repository changes
2023 Activity at 2023-01-12T11:12:45: Update README with new performance metrics
2023 Activity at 2023-01-12T14:51:14: Fix race condition in data pipeline
2023 Activity at 2023-01-12T10:07:43: Merge feature branch into main
2023 Activity at 2023-01-12T15:51:02: Sync with upstream repository changes
2023 Activity at 2023-01-12T12:56:32: Update dependencies to latest stable versions
2023 Activity at 2023-01-12T17:13:47: Initial prototype for feature extraction
2023 Activity at 2023-01-17T17:31:11: Merge feature branch into main
2023 Activity at 2023-01-17T09:51:21: Implement early stopping in training loop
2023 Activity at 2023-01-18T11:41:03: Refactor data loader for faster training
2023 Activity at 2023-01-19T09:39:46: Fix race condition in data pipeline
2023 Activity at 2023-01-19T14:24:24: Initial prototype for feature extraction
2023 Activity at 2023-01-19T14:24:39: Fix bug in loss function calculation
2023 Activity at 2023-01-19T19:41:34: Clean up unused variables and functions
2023 Activity at 2023-01-19T17:59:21: Clean up unused variables and functions
2023 Activity at 2023-01-19T12:21:10: Sync with upstream repository changes
2023 Activity at 2023-01-19T09:53:32: Update README with new performance metrics
2023 Activity at 2023-01-20T18:22:59: Improve documentation for API endpoints
2023 Activity at 2023-01-20T13:09:01: Improve model serialization and loading
2023 Activity at 2023-01-20T11:46:14: Benchmark inference latency across devices
2023 Activity at 2023-01-24T18:29:56: Fix bug in loss function calculation
2023 Activity at 2023-01-24T15:44:56: Add support for transformer-based models
2023 Activity at 2023-01-25T17:18:44: Improve documentation for API endpoints
2023 Activity at 2023-01-27T17:12:22: Benchmark inference latency across devices
2023 Activity at 2023-01-27T09:11:13: Add support for transformer-based models
2023 Activity at 2023-01-27T11:12:39: Implement early stopping in training loop
2023 Activity at 2023-01-27T17:12:32: Add unit tests for core modules
2023 Activity at 2023-01-27T15:29:22: Add unit tests for core modules
2023 Activity at 2023-01-27T15:13:18: Enhance logging for debugging production issues
2023 Activity at 2023-01-27T18:51:23: Add unit tests for core modules
2023 Activity at 2023-01-27T19:57:36: Improve model serialization and loading
2023 Activity at 2023-01-31T15:57:16: Update README with new performance metrics
2023 Activity at 2023-01-31T11:03:27: Optimize neural network architecture
2023 Activity at 2023-01-31T14:05:18: Add support for transformer-based models
2023 Activity at 2023-01-31T09:31:36: Fix bug in loss function calculation
2023 Activity at 2023-01-31T14:33:43: Add support for multi-GPU training
2023 Activity at 2023-01-31T15:19:54: Benchmark inference latency across devices
2023 Activity at 2023-01-31T15:27:53: Merge feature branch into main
2023 Activity at 2023-01-31T12:31:35: Fix bug in loss function calculation
2023 Activity at 2023-01-31T17:17:32: Enhance logging for debugging production issues
2023 Activity at 2023-02-01T17:34:16: Initial prototype for feature extraction
2023 Activity at 2023-02-01T15:40:14: Optimize neural network architecture
2023 Activity at 2023-02-01T19:11:47: Improve documentation for API endpoints
2023 Activity at 2023-02-01T13:16:24: Address code review feedback
2023 Activity at 2023-02-01T14:37:55: Enhance logging for debugging production issues
2023 Activity at 2023-02-01T18:51:00: Optimize GPU memory allocation
2023 Activity at 2023-02-01T13:24:47: Merge feature branch into main
2023 Activity at 2023-02-01T16:41:06: Benchmark inference latency across devices
2023 Activity at 2023-02-01T16:14:31: Sync with upstream repository changes
2023 Activity at 2023-02-03T12:29:04: Update README with new performance metrics
2023 Activity at 2023-02-03T14:11:17: Optimize GPU memory allocation
2023 Activity at 2023-02-03T16:59:59: Benchmark inference latency across devices
2023 Activity at 2023-02-03T13:35:23: Initial prototype for feature extraction
2023 Activity at 2023-02-03T12:31:54: Optimize neural network architecture
2023 Activity at 2023-02-03T16:04:51: Clean up unused variables and functions
2023 Activity at 2023-02-03T16:55:32: Sync with upstream repository changes
2023 Activity at 2023-02-03T13:23:20: Initial prototype for feature extraction
2023 Activity at 2023-02-03T16:52:18: Clean up unused variables and functions
2023 Activity at 2023-02-03T12:56:16: Implement early stopping in training loop
2023 Activity at 2023-02-03T11:40:34: Improve documentation for API endpoints
2023 Activity at 2023-02-06T11:24:41: Optimize neural network architecture
2023 Activity at 2023-02-06T12:08:19: Improve documentation for API endpoints
2023 Activity at 2023-02-06T18:58:55: Improve model serialization and loading
2023 Activity at 2023-02-06T13:01:06: Fix race condition in data pipeline
2023 Activity at 2023-02-07T19:05:34: Address code review feedback
2023 Activity at 2023-02-07T12:34:05: Enhance logging for debugging production issues
2023 Activity at 2023-02-07T15:31:11: Fix bug in loss function calculation
2023 Activity at 2023-02-07T13:47:51: Optimize GPU memory allocation
2023 Activity at 2023-02-07T17:26:58: Add support for transformer-based models
2023 Activity at 2023-02-07T16:44:25: Improve documentation for API endpoints
2023 Activity at 2023-02-07T13:47:36: Refactor data loader for faster training
2023 Activity at 2023-02-07T10:02:16: Add unit tests for core modules
2023 Activity at 2023-02-08T09:55:36: Clean up unused variables and functions
2023 Activity at 2023-02-08T16:15:26: Merge feature branch into main
2023 Activity at 2023-02-08T15:38:02: Clean up unused variables and functions
2023 Activity at 2023-02-08T09:50:18: Address code review feedback
2023 Activity at 2023-02-10T12:28:06: Update README with new performance metrics
2023 Activity at 2023-02-10T11:49:45: Improve documentation for API endpoints
2023 Activity at 2023-02-10T14:24:17: Optimize neural network architecture
2023 Activity at 2023-02-14T11:51:55: Optimize GPU memory allocation
2023 Activity at 2023-02-14T17:50:14: Clean up unused variables and functions
2023 Activity at 2023-02-14T16:46:00: Add unit tests for core modules
2023 Activity at 2023-02-14T16:51:13: Update dependencies to latest stable versions
2023 Activity at 2023-02-14T14:04:46: Clean up unused variables and functions
2023 Activity at 2023-02-17T14:55:06: Improve documentation for API endpoints
2023 Activity at 2023-02-17T19:22:17: Update dependencies to latest stable versions
2023 Activity at 2023-02-17T19:47:16: Add support for transformer-based models
2023 Activity at 2023-02-17T12:24:23: Optimize GPU memory allocation
2023 Activity at 2023-02-17T19:06:54: Improve model serialization and loading
2023 Activity at 2023-02-17T14:39:56: Fix bug in loss function calculation
2023 Activity at 2023-02-17T17:30:52: Optimize GPU memory allocation
2023 Activity at 2023-02-17T09:55:38: Improve model serialization and loading
2023 Activity at 2023-02-17T10:47:24: Update README with new performance metrics
2023 Activity at 2023-02-22T09:22:40: Update dependencies to latest stable versions
2023 Activity at 2023-02-22T09:19:36: Sync with upstream repository changes
2023 Activity at 2023-02-22T10:21:12: Fix bug in loss function calculation
2023 Activity at 2023-02-22T10:54:06: Merge feature branch into main
2023 Activity at 2023-02-22T16:36:20: Address code review feedback
2023 Activity at 2023-02-22T12:54:35: Add support for transformer-based models
2023 Activity at 2023-02-22T12:21:24: Benchmark inference latency across devices
2023 Activity at 2023-02-22T12:50:37: Update README with new performance metrics
2023 Activity at 2023-02-23T14:38:40: Improve documentation for API endpoints
2023 Activity at 2023-02-23T19:48:11: Optimize GPU memory allocation
2023 Activity at 2023-02-23T15:34:16: Clean up unused variables and functions
2023 Activity at 2023-02-23T15:08:09: Merge feature branch into main
2023 Activity at 2023-02-23T18:09:17: Refactor data loader for faster training
2023 Activity at 2023-02-23T19:26:44: Fix race condition in data pipeline
2023 Activity at 2023-02-23T19:57:59: Sync with upstream repository changes
2023 Activity at 2023-02-23T13:43:24: Sync with upstream repository changes
2023 Activity at 2023-02-23T11:44:16: Refactor data loader for faster training
2023 Activity at 2023-02-23T15:33:42: Address code review feedback
2023 Activity at 2023-02-24T10:01:22: Update README with new performance metrics
2023 Activity at 2023-02-24T12:10:10: Add support for multi-GPU training
2023 Activity at 2023-02-24T18:48:21: Merge feature branch into main
2023 Activity at 2023-02-24T10:20:24: Implement early stopping in training loop
2023 Activity at 2023-02-24T12:20:16: Address code review feedback
2023 Activity at 2023-02-27T19:38:55: Implement early stopping in training loop
2023 Activity at 2023-02-28T18:45:37: Improve documentation for API endpoints
2023 Activity at 2023-02-28T13:34:37: Benchmark inference latency across devices
2023 Activity at 2023-02-28T09:40:15: Implement early stopping in training loop
2023 Activity at 2023-02-28T13:45:10: Initial prototype for feature extraction
2023 Activity at 2023-02-28T11:42:09: Add support for multi-GPU training
2023 Activity at 2023-03-01T19:38:43: Improve model serialization and loading
2023 Activity at 2023-03-01T13:00:59: Update README with new performance metrics
2023 Activity at 2023-03-01T19:47:42: Update README with new performance metrics
2023 Activity at 2023-03-01T16:07:53: Refactor data loader for faster training
2023 Activity at 2023-03-01T19:07:12: Benchmark inference latency across devices
2023 Activity at 2023-03-01T13:00:57: Add support for multi-GPU training
2023 Activity at 2023-03-01T16:01:37: Address code review feedback
2023 Activity at 2023-03-03T19:02:11: Update dependencies to latest stable versions
2023 Activity at 2023-03-03T17:12:50: Address code review feedback
2023 Activity at 2023-03-03T13:43:27: Merge feature branch into main
2023 Activity at 2023-03-03T09:58:49: Initial prototype for feature extraction
2023 Activity at 2023-03-03T09:17:27: Fix race condition in data pipeline
2023 Activity at 2023-03-03T10:10:42: Fix race condition in data pipeline
2023 Activity at 2023-03-03T09:23:15: Initial prototype for feature extraction
2023 Activity at 2023-03-03T16:03:34: Update README with new performance metrics
2023 Activity at 2023-03-07T13:05:40: Add unit tests for core modules
2023 Activity at 2023-03-07T19:14:28: Fix bug in loss function calculation
2023 Activity at 2023-03-07T16:25:03: Add support for multi-GPU training
2023 Activity at 2023-03-07T10:34:10: Address code review feedback
2023 Activity at 2023-03-07T16:57:28: Add support for multi-GPU training
2023 Activity at 2023-03-08T18:25:07: Update README with new performance metrics
2023 Activity at 2023-03-08T17:41:50: Initial prototype for feature extraction
2023 Activity at 2023-03-08T19:32:43: Fix bug in loss function calculation
2023 Activity at 2023-03-08T16:22:36: Refactor data loader for faster training
2023 Activity at 2023-03-09T16:45:03: Optimize neural network architecture
2023 Activity at 2023-03-10T09:14:53: Add support for multi-GPU training
2023 Activity at 2023-03-10T13:44:31: Fix bug in loss function calculation
2023 Activity at 2023-03-10T18:24:03: Update dependencies to latest stable versions
2023 Activity at 2023-03-10T18:02:30: Optimize neural network architecture
2023 Activity at 2023-03-10T14:30:50: Add support for transformer-based models
2023 Activity at 2023-03-10T11:23:06: Refactor data loader for faster training
2023 Activity at 2023-03-10T13:49:06: Improve model serialization and loading
2023 Activity at 2023-03-10T16:47:31: Enhance logging for debugging production issues
2023 Activity at 2023-03-15T10:08:14: Add support for transformer-based models
2023 Activity at 2023-03-15T17:39:57: Update dependencies to latest stable versions
2023 Activity at 2023-03-15T16:42:10: Address code review feedback
2023 Activity at 2023-03-15T18:23:26: Fix bug in loss function calculation
2023 Activity at 2023-03-15T18:54:33: Update README with new performance metrics
2023 Activity at 2023-03-15T19:09:09: Optimize GPU memory allocation
2023 Activity at 2023-03-16T17:07:42: Address code review feedback
2023 Activity at 2023-03-16T13:31:41: Enhance logging for debugging production issues
2023 Activity at 2023-03-16T13:30:42: Benchmark inference latency across devices
2023 Activity at 2023-03-16T09:10:20: Add support for multi-GPU training
2023 Activity at 2023-03-16T11:57:04: Optimize GPU memory allocation
2023 Activity at 2023-03-16T17:45:53: Add support for transformer-based models
2023 Activity at 2023-03-16T10:28:15: Implement early stopping in training loop
2023 Activity at 2023-03-16T15:45:15: Fix race condition in data pipeline
2023 Activity at 2023-03-20T14:59:12: Fix bug in loss function calculation
2023 Activity at 2023-03-20T11:51:07: Add unit tests for core modules
2023 Activity at 2023-03-20T19:58:24: Optimize neural network architecture
2023 Activity at 2023-03-20T11:32:13: Add support for transformer-based models
2023 Activity at 2023-03-20T14:40:55: Fix bug in loss function calculation
2023 Activity at 2023-03-23T14:47:48: Add support for transformer-based models
2023 Activity at 2023-03-23T09:18:25: Benchmark inference latency across devices
2023 Activity at 2023-03-23T17:12:06: Merge feature branch into main
2023 Activity at 2023-03-23T14:19:30: Optimize GPU memory allocation
2023 Activity at 2023-03-23T14:08:49: Refactor data loader for faster training
2023 Activity at 2023-03-23T18:40:06: Add unit tests for core modules
2023 Activity at 2023-03-23T15:11:43: Initial prototype for feature extraction
2023 Activity at 2023-03-24T14:49:52: Initial prototype for feature extraction
2023 Activity at 2023-03-24T15:08:42: Add unit tests for core modules
2023 Activity at 2023-03-24T14:35:53: Initial prototype for feature extraction
2023 Activity at 2023-03-24T12:43:15: Add support for transformer-based models
2023 Activity at 2023-03-24T15:07:10: Add support for multi-GPU training
2023 Activity at 2023-03-24T12:57:25: Address code review feedback
2023 Activity at 2023-03-24T17:08:02: Benchmark inference latency across devices
2023 Activity at 2023-03-27T14:42:24: Enhance logging for debugging production issues
2023 Activity at 2023-03-27T14:47:44: Optimize neural network architecture
2023 Activity at 2023-03-27T10:50:42: Clean up unused variables and functions
2023 Activity at 2023-03-27T13:00:10: Merge feature branch into main
2023 Activity at 2023-03-28T14:59:03: Optimize neural network architecture
2023 Activity at 2023-03-28T10:01:57: Fix bug in loss function calculation
2023 Activity at 2023-03-28T15:07:24: Improve model serialization and loading
2023 Activity at 2023-03-28T17:23:22: Fix bug in loss function calculation
2023 Activity at 2023-03-28T16:43:31: Add unit tests for core modules
2023 Activity at 2023-03-28T18:47:03: Add support for multi-GPU training
2023 Activity at 2023-03-28T16:44:41: Fix bug in loss function calculation
2023 Activity at 2023-03-28T19:12:22: Fix race condition in data pipeline
2023 Activity at 2023-03-28T16:14:39: Sync with upstream repository changes
2023 Activity at 2023-03-30T09:29:22: Address code review feedback
2023 Activity at 2023-03-31T12:09:48: Fix race condition in data pipeline
2023 Activity at 2023-03-31T19:17:21: Update README with new performance metrics
2023 Activity at 2023-03-31T12:47:32: Enhance logging for debugging production issues
2023 Activity at 2023-03-31T10:43:16: Improve model serialization and loading
2023 Activity at 2023-03-31T10:37:44: Refactor data loader for faster training
2023 Activity at 2023-03-31T15:04:32: Update README with new performance metrics
2023 Activity at 2023-03-31T18:04:53: Add support for transformer-based models
2023 Activity at 2023-03-31T14:15:22: Merge feature branch into main
