Robust Activity at 2023-01-03T14:09:02: Improve model serialization and loading
Robust Activity at 2023-01-03T15:47:14: Benchmark inference latency across devices
Robust Activity at 2023-01-03T09:06:12: Add support for multi-GPU training
Robust Activity at 2023-01-03T11:32:24: Optimize neural network architecture
Robust Activity at 2023-01-03T13:08:00: Address code review feedback
Robust Activity at 2023-01-03T10:59:12: Merge feature branch into main
Robust Activity at 2023-01-10T11:11:01: Merge feature branch into main
Robust Activity at 2023-01-10T09:54:01: Improve model serialization and loading
Robust Activity at 2023-01-10T10:51:45: Improve documentation for API endpoints
Robust Activity at 2023-01-10T09:10:39: Update README with new performance metrics
Robust Activity at 2023-01-12T11:53:19: Optimize neural network architecture
Robust Activity at 2023-01-12T15:39:51: Update README with new performance metrics
Robust Activity at 2023-01-12T12:00:32: Address code review feedback
Robust Activity at 2023-01-16T09:54:09: Refactor data loader for faster training
Robust Activity at 2023-01-16T18:14:23: Initial prototype for feature extraction
Robust Activity at 2023-01-16T10:55:36: Clean up unused variables and functions
Robust Activity at 2023-01-16T14:26:00: Refactor data loader for faster training
Robust Activity at 2023-01-16T10:45:40: Update README with new performance metrics
Robust Activity at 2023-01-18T17:52:10: Fix bug in loss function calculation
Robust Activity at 2023-01-18T15:47:28: Enhance logging for debugging production issues
Robust Activity at 2023-01-20T13:34:27: Update README with new performance metrics
Robust Activity at 2023-01-20T12:39:11: Sync with upstream repository changes
Robust Activity at 2023-01-24T15:44:37: Address code review feedback
Robust Activity at 2023-01-24T14:25:23: Implement early stopping in training loop
Robust Activity at 2023-01-24T12:52:15: Add support for transformer-based models
Robust Activity at 2023-01-24T15:34:51: Initial prototype for feature extraction
Robust Activity at 2023-01-26T11:47:27: Refactor data loader for faster training
Robust Activity at 2023-01-26T12:10:21: Improve documentation for API endpoints
Robust Activity at 2023-01-31T09:39:30: Optimize neural network architecture
Robust Activity at 2023-01-31T13:30:49: Add support for multi-GPU training
Robust Activity at 2023-01-31T09:17:59: Update dependencies to latest stable versions
Robust Activity at 2023-02-02T15:52:00: Implement early stopping in training loop
Robust Activity at 2023-02-02T10:22:59: Address code review feedback
Robust Activity at 2023-02-02T17:42:42: Add unit tests for core modules
Robust Activity at 2023-02-02T13:32:21: Improve model serialization and loading
Robust Activity at 2023-02-02T14:35:52: Add unit tests for core modules
Robust Activity at 2023-02-02T09:35:14: Optimize neural network architecture
Robust Activity at 2023-02-13T11:06:11: Add support for transformer-based models
Robust Activity at 2023-02-13T12:11:39: Sync with upstream repository changes
Robust Activity at 2023-02-14T13:01:14: Update dependencies to latest stable versions
Robust Activity at 2023-02-14T13:03:53: Initial prototype for feature extraction
Robust Activity at 2023-02-14T12:58:47: Fix bug in loss function calculation
Robust Activity at 2023-02-14T15:51:08: Merge feature branch into main
Robust Activity at 2023-02-14T09:45:12: Sync with upstream repository changes
Robust Activity at 2023-02-14T18:24:03: Benchmark inference latency across devices
Robust Activity at 2023-02-15T10:21:45: Benchmark inference latency across devices
Robust Activity at 2023-02-15T11:32:16: Benchmark inference latency across devices
Robust Activity at 2023-02-15T17:55:53: Add support for multi-GPU training
Robust Activity at 2023-02-15T13:11:44: Initial prototype for feature extraction
Robust Activity at 2023-02-16T17:22:18: Add support for transformer-based models
Robust Activity at 2023-02-16T14:48:53: Improve model serialization and loading
Robust Activity at 2023-02-16T12:53:31: Optimize neural network architecture
Robust Activity at 2023-02-17T18:57:08: Add support for transformer-based models
Robust Activity at 2023-02-17T11:39:28: Update README with new performance metrics
Robust Activity at 2023-02-17T16:01:44: Optimize GPU memory allocation
Robust Activity at 2023-02-17T14:13:11: Fix race condition in data pipeline
Robust Activity at 2023-02-17T16:43:07: Improve documentation for API endpoints
Robust Activity at 2023-02-22T18:08:09: Enhance logging for debugging production issues
Robust Activity at 2023-02-22T18:39:02: Add unit tests for core modules
Robust Activity at 2023-02-22T16:30:07: Benchmark inference latency across devices
Robust Activity at 2023-02-22T18:46:45: Add unit tests for core modules
Robust Activity at 2023-02-22T16:49:53: Initial prototype for feature extraction
Robust Activity at 2023-02-22T13:12:45: Add support for transformer-based models
Robust Activity at 2023-02-23T09:50:55: Initial prototype for feature extraction
Robust Activity at 2023-02-23T12:15:10: Refactor data loader for faster training
Robust Activity at 2023-02-24T15:52:12: Address code review feedback
Robust Activity at 2023-02-24T11:50:55: Merge feature branch into main
Robust Activity at 2023-02-24T15:09:22: Add support for multi-GPU training
Robust Activity at 2023-03-01T17:03:38: Implement early stopping in training loop
Robust Activity at 2023-03-01T13:36:24: Fix race condition in data pipeline
Robust Activity at 2023-03-02T10:01:22: Enhance logging for debugging production issues
Robust Activity at 2023-03-02T09:47:24: Merge feature branch into main
Robust Activity at 2023-03-02T18:34:50: Initial prototype for feature extraction
Robust Activity at 2023-03-02T15:24:46: Add support for multi-GPU training
Robust Activity at 2023-03-06T17:56:48: Update dependencies to latest stable versions
Robust Activity at 2023-03-06T18:00:09: Sync with upstream repository changes
Robust Activity at 2023-03-06T16:52:04: Merge feature branch into main
Robust Activity at 2023-03-07T17:23:46: Optimize GPU memory allocation
Robust Activity at 2023-03-07T15:34:47: Update dependencies to latest stable versions
Robust Activity at 2023-03-07T16:13:31: Optimize neural network architecture
Robust Activity at 2023-03-07T11:26:07: Implement early stopping in training loop
Robust Activity at 2023-03-07T13:14:54: Add support for transformer-based models
Robust Activity at 2023-03-07T13:53:44: Fix bug in loss function calculation
Robust Activity at 2023-03-09T13:08:58: Add support for transformer-based models
Robust Activity at 2023-03-09T10:06:30: Optimize GPU memory allocation
Robust Activity at 2023-03-09T10:09:37: Benchmark inference latency across devices
Robust Activity at 2023-03-09T17:21:19: Fix bug in loss function calculation
Robust Activity at 2023-03-09T09:20:50: Address code review feedback
Robust Activity at 2023-03-13T16:25:40: Benchmark inference latency across devices
Robust Activity at 2023-03-13T12:39:22: Add support for transformer-based models
Robust Activity at 2023-03-13T14:22:02: Address code review feedback
Robust Activity at 2023-03-13T10:43:11: Sync with upstream repository changes
Robust Activity at 2023-03-13T16:50:38: Add support for multi-GPU training
Robust Activity at 2023-03-17T15:42:02: Initial prototype for feature extraction
Robust Activity at 2023-03-17T13:06:39: Enhance logging for debugging production issues
Robust Activity at 2023-03-17T16:49:46: Optimize neural network architecture
Robust Activity at 2023-03-20T10:22:09: Fix race condition in data pipeline
Robust Activity at 2023-03-20T13:54:12: Clean up unused variables and functions
Robust Activity at 2023-03-21T13:55:52: Optimize GPU memory allocation
Robust Activity at 2023-03-21T10:17:25: Optimize GPU memory allocation
Robust Activity at 2023-03-21T11:17:10: Clean up unused variables and functions
Robust Activity at 2023-03-21T15:23:34: Update dependencies to latest stable versions
Robust Activity at 2023-03-21T14:34:03: Improve model serialization and loading
Robust Activity at 2023-03-22T13:08:06: Refactor data loader for faster training
Robust Activity at 2023-03-22T16:59:46: Update dependencies to latest stable versions
Robust Activity at 2023-03-22T15:01:47: Initial prototype for feature extraction
Robust Activity at 2023-03-22T12:56:34: Initial prototype for feature extraction
Robust Activity at 2023-03-23T15:42:21: Fix race condition in data pipeline
Robust Activity at 2023-03-23T17:02:16: Merge feature branch into main
Robust Activity at 2023-03-23T09:23:01: Optimize GPU memory allocation
Robust Activity at 2023-03-27T18:27:55: Improve model serialization and loading
Robust Activity at 2023-03-27T17:12:06: Update README with new performance metrics
Robust Activity at 2023-03-27T14:37:21: Address code review feedback
Robust Activity at 2023-03-28T18:17:08: Initial prototype for feature extraction
Robust Activity at 2023-03-28T13:34:34: Implement early stopping in training loop
Robust Activity at 2023-03-28T13:40:20: Improve model serialization and loading
Robust Activity at 2023-03-28T18:28:32: Address code review feedback
Robust Activity at 2023-03-29T15:26:16: Update README with new performance metrics
Robust Activity at 2023-03-29T17:07:09: Improve model serialization and loading
Robust Activity at 2023-03-30T13:08:47: Sync with upstream repository changes
Robust Activity at 2023-03-30T12:43:15: Implement early stopping in training loop
Robust Activity at 2023-03-30T18:43:19: Refactor data loader for faster training
Robust Activity at 2023-03-30T11:31:02: Improve model serialization and loading
Robust Activity at 2023-03-30T16:40:55: Initial prototype for feature extraction
Robust Activity at 2023-03-31T17:25:27: Improve model serialization and loading
Robust Activity at 2023-03-31T13:48:59: Update dependencies to latest stable versions
Robust Activity at 2023-03-31T14:40:26: Enhance logging for debugging production issues
Robust Activity at 2023-03-31T09:01:10: Sync with upstream repository changes
Robust Activity at 2023-04-03T09:57:38: Benchmark inference latency across devices
Robust Activity at 2023-04-03T18:12:28: Optimize GPU memory allocation
Robust Activity at 2023-04-04T12:54:36: Sync with upstream repository changes
Robust Activity at 2023-04-04T10:45:00: Implement early stopping in training loop
Robust Activity at 2023-04-06T17:37:59: Improve documentation for API endpoints
Robust Activity at 2023-04-06T15:06:33: Initial prototype for feature extraction
Robust Activity at 2023-04-06T15:52:37: Implement early stopping in training loop
Robust Activity at 2023-04-06T14:59:58: Update README with new performance metrics
Robust Activity at 2023-04-06T10:51:59: Implement early stopping in training loop
Robust Activity at 2023-04-07T09:33:07: Address code review feedback
Robust Activity at 2023-04-07T12:23:19: Add support for multi-GPU training
Robust Activity at 2023-04-07T12:54:13: Initial prototype for feature extraction
Robust Activity at 2023-04-07T11:10:47: Add unit tests for core modules
Robust Activity at 2023-04-10T17:25:35: Improve model serialization and loading
Robust Activity at 2023-04-10T16:17:52: Update dependencies to latest stable versions
Robust Activity at 2023-04-10T14:22:23: Update dependencies to latest stable versions
Robust Activity at 2023-04-11T11:59:28: Update dependencies to latest stable versions
Robust Activity at 2023-04-11T13:30:43: Address code review feedback
Robust Activity at 2023-04-11T10:59:11: Initial prototype for feature extraction
Robust Activity at 2023-04-11T09:05:14: Fix bug in loss function calculation
Robust Activity at 2023-04-13T11:46:34: Add support for multi-GPU training
Robust Activity at 2023-04-13T14:45:26: Add support for transformer-based models
Robust Activity at 2023-04-13T12:47:07: Sync with upstream repository changes
Robust Activity at 2023-04-13T14:43:46: Clean up unused variables and functions
Robust Activity at 2023-04-13T12:59:14: Update dependencies to latest stable versions
Robust Activity at 2023-04-13T10:20:46: Improve documentation for API endpoints
Robust Activity at 2023-04-14T14:50:31: Merge feature branch into main
Robust Activity at 2023-04-14T09:17:38: Initial prototype for feature extraction
Robust Activity at 2023-04-17T11:59:40: Optimize GPU memory allocation
Robust Activity at 2023-04-17T14:25:04: Update dependencies to latest stable versions
Robust Activity at 2023-04-17T11:34:12: Add unit tests for core modules
Robust Activity at 2023-04-17T12:12:28: Fix bug in loss function calculation
Robust Activity at 2023-04-17T16:59:37: Update README with new performance metrics
Robust Activity at 2023-04-17T17:24:39: Add support for transformer-based models
Robust Activity at 2023-04-18T14:29:31: Fix bug in loss function calculation
Robust Activity at 2023-04-18T13:49:15: Improve model serialization and loading
Robust Activity at 2023-04-18T11:29:41: Sync with upstream repository changes
Robust Activity at 2023-04-18T12:12:39: Optimize GPU memory allocation
Robust Activity at 2023-04-18T16:03:58: Add support for transformer-based models
Robust Activity at 2023-04-19T14:16:49: Add unit tests for core modules
Robust Activity at 2023-04-19T17:12:35: Clean up unused variables and functions
Robust Activity at 2023-04-19T18:48:20: Benchmark inference latency across devices
Robust Activity at 2023-04-19T17:33:56: Enhance logging for debugging production issues
Robust Activity at 2023-04-19T11:17:42: Improve documentation for API endpoints
Robust Activity at 2023-04-20T17:57:06: Fix race condition in data pipeline
Robust Activity at 2023-04-20T17:58:02: Update dependencies to latest stable versions
Robust Activity at 2023-04-20T17:49:51: Initial prototype for feature extraction
Robust Activity at 2023-04-21T10:37:20: Clean up unused variables and functions
Robust Activity at 2023-04-21T13:21:46: Add support for transformer-based models
Robust Activity at 2023-04-21T17:21:05: Implement early stopping in training loop
Robust Activity at 2023-04-21T12:32:48: Update dependencies to latest stable versions
Robust Activity at 2023-04-21T12:30:47: Improve documentation for API endpoints
Robust Activity at 2023-04-21T10:43:12: Optimize GPU memory allocation
Robust Activity at 2023-04-26T09:37:58: Add support for transformer-based models
Robust Activity at 2023-04-26T15:40:27: Update README with new performance metrics
Robust Activity at 2023-04-26T13:46:06: Fix bug in loss function calculation
Robust Activity at 2023-04-26T10:35:55: Refactor data loader for faster training
Robust Activity at 2023-04-26T17:25:25: Fix bug in loss function calculation
Robust Activity at 2023-04-26T13:08:43: Update README with new performance metrics
Robust Activity at 2023-05-01T16:33:47: Update README with new performance metrics
Robust Activity at 2023-05-01T10:23:59: Enhance logging for debugging production issues
Robust Activity at 2023-05-01T14:39:58: Enhance logging for debugging production issues
Robust Activity at 2023-05-01T18:39:23: Merge feature branch into main
Robust Activity at 2023-05-02T11:32:38: Add unit tests for core modules
Robust Activity at 2023-05-02T18:49:36: Sync with upstream repository changes
Robust Activity at 2023-05-02T11:34:21: Optimize GPU memory allocation
Robust Activity at 2023-05-02T16:08:40: Add support for multi-GPU training
Robust Activity at 2023-05-02T17:52:30: Optimize GPU memory allocation
Robust Activity at 2023-05-03T11:32:23: Clean up unused variables and functions
Robust Activity at 2023-05-03T10:03:21: Add support for multi-GPU training
Robust Activity at 2023-05-03T11:41:13: Optimize neural network architecture
Robust Activity at 2023-05-03T14:44:45: Benchmark inference latency across devices
